  agenda.c
  analysis.c
  argacces.c
  bload.c
  bmathfun.c
  bsave.c
  classcom.c
  classexm.c
  classfun.c
  classinf.c
  classini.c
  classpsr.c
  clsltpsr.c
  commline.c
  conscomp.c
  constrct.c
  constrnt.c
  crstrtgy.c
  cstrcbin.c
  cstrccom.c
  Generating Code...
  Compiling...
  cstrcpsr.c
  cstrnbin.c
  cstrnchk.c
  cstrncmp.c
  cstrnops.c
  cstrnpsr.c
  cstrnutl.c
  default.c
  defins.c
  developr.c
  dffctbin.c
  dffctbsc.c
  dffctcmp.c
  dffctdef.c
  dffctpsr.c
  dffnxbin.c
  dffnxcmp.c
  dffnxexe.c
  dffnxfun.c
  dffnxpsr.c
  Generating Code...
  Compiling...
  dfinsbin.c
  dfinscmp.c
  drive.c
  emathfun.c
  engine.c
  envrnbld.c
  envrnmnt.c
  evaluatn.c
  expressn.c
  exprnbin.c
  exprnops.c
  exprnpsr.c
  extnfunc.c
  factbin.c
  factbld.c
  factcmp.c
  factcom.c
  factfun.c
  factgen.c
  facthsh.c
  Generating Code...
  Compiling...
  factlhs.c
  factmch.c
  factmngr.c
  factprt.c
  factqpsr.c
  factqury.c
  factrete.c
  factrhs.c
  filecom.c
  filertr.c
  fileutil.c
  generate.c
  genrcbin.c
  genrccmp.c
  genrccom.c
  genrcexe.c
  genrcfun.c
  genrcpsr.c
  globlbin.c
  globlbsc.c
  Generating Code...
  Compiling...
  globlcmp.c
  globlcom.c
  globldef.c
  globlpsr.c
  immthpsr.c
  incrrset.c
  inherpsr.c
  inscom.c
  insfile.c
  insfun.c
  insmngr.c
  insmoddp.c
  insmult.c
  inspsr.c
  insquery.c
  insqypsr.c
  iofun.c
  lgcldpnd.c
  memalloc.c
  miscfun.c
  Generating Code...
  Compiling...
  modulbin.c
  modulbsc.c
  modulcmp.c
  moduldef.c
  modulpsr.c
  modulutl.c
  msgcom.c
  msgfun.c
  msgpass.c
  msgpsr.c
  multifld.c
  multifun.c
  objbin.c
  objcmp.c
  objrtbin.c
  objrtbld.c
  objrtcmp.c
  objrtfnx.c
  objrtgen.c
  objrtmch.c
  Generating Code...
  Compiling...
  parsefun.c
  pattern.c
  pprint.c
  prccode.c
  prcdrfun.c
  prcdrpsr.c
  prdctfun.c
  prntutil.c
  proflfun.c
  reorder.c
  reteutil.c
  retract.c
  router.c
  rulebin.c
  rulebld.c
  rulebsc.c
  rulecmp.c
  rulecom.c
  rulecstr.c
  ruledef.c
  Generating Code...
  Compiling...
  ruledlt.c
  rulelhs.c
  rulepsr.c
  scanner.c
  sortfun.c
  strngfun.c
  strngrtr.c
  symblbin.c
  symblcmp.c
  symbol.c
  sysdep.c
  textpro.c
  tmpltbin.c
  tmpltbsc.c
  tmpltcmp.c
  tmpltdef.c
  tmpltfun.c
  tmpltlhs.c
  tmpltpsr.c
  tmpltrhs.c
  Generating Code...
d:\school\nus\unit1\project\git\housingrecommendationsystem\shared\source\clips\sysdep.c(340): warning C4793: 'gensprintf': function compiled as native:
  	varargs not supported under /clr
d:\school\nus\unit1\project\git\housingrecommendationsystem\shared\source\clips\sysdep.c(344): warning C4793: 'gensprintf': function compiled as native:
  	Found an intrinsic not supported in managed code
d:\school\nus\unit1\project\git\housingrecommendationsystem\shared\source\clips\sysdep.c(348): warning C4793: 'gensprintf': function compiled as native:
  	Found an intrinsic not supported in managed code
  Compiling...
  tmpltutl.c
  userdata.c
  userfunctions.c
  utility.c
  watch.c
  clipscpplib.cpp
  CLIPSCLRAssemblyInfo.cpp
  CLIPSNET_Activation.cpp
  CLIPSNET_Agenda.cpp
  CLIPSNET_Environment.cpp
  CLIPSNET_Exceptions.cpp
  CLIPSNET_FactInstance.cpp
  CLIPSNET_Focus.cpp
  CLIPSNET_FocusStack.cpp
  CLIPSNET_Module.cpp
  CLIPSNET_ParserErrorCallback.cpp
  CLIPSNET_PeriodicCallback.cpp
  CLIPSNET_Router.cpp
  CLIPSNET_SlotValue.cpp
  CLIPSNET_UserFunction.cpp
  Generating Code...
  Compiling...
  CLIPSNET_Values.cpp
  Generating Code...
  .NETFramework,Version=v4.6.1.AssemblyAttributes.cpp
  agenda.obj : /DEBUG:FASTLINK is not supported when managed code is present; restarting link with /DEBUG:FULL
  CLIPSCLRWrapper.vcxproj -> D:\school\nus\unit1\project\git\HousingRecommendationSystem\CLIPSCLRWrapper\Libraries\Win32\Debug\CLIPSCLRWrapper.dll
