d:\school\nus\unit1\project\git\housingrecommendationsystem\clipsclrwrapper\intermediate\win32\debug\vc141.pdb
d:\school\nus\unit1\project\git\housingrecommendationsystem\clipsclrwrapper\intermediate\win32\debug\cstrccom.obj
d:\school\nus\unit1\project\git\housingrecommendationsystem\clipsclrwrapper\intermediate\win32\debug\cstrcbin.obj
d:\school\nus\unit1\project\git\housingrecommendationsystem\clipsclrwrapper\intermediate\win32\debug\crstrtgy.obj
d:\school\nus\unit1\project\git\housingrecommendationsystem\clipsclrwrapper\intermediate\win32\debug\constrnt.obj
d:\school\nus\unit1\project\git\housingrecommendationsystem\clipsclrwrapper\intermediate\win32\debug\constrct.obj
d:\school\nus\unit1\project\git\housingrecommendationsystem\clipsclrwrapper\intermediate\win32\debug\conscomp.obj
d:\school\nus\unit1\project\git\housingrecommendationsystem\clipsclrwrapper\intermediate\win32\debug\commline.obj
d:\school\nus\unit1\project\git\housingrecommendationsystem\clipsclrwrapper\intermediate\win32\debug\clsltpsr.obj
d:\school\nus\unit1\project\git\housingrecommendationsystem\clipsclrwrapper\intermediate\win32\debug\classpsr.obj
d:\school\nus\unit1\project\git\housingrecommendationsystem\clipsclrwrapper\intermediate\win32\debug\classini.obj
d:\school\nus\unit1\project\git\housingrecommendationsystem\clipsclrwrapper\intermediate\win32\debug\classinf.obj
d:\school\nus\unit1\project\git\housingrecommendationsystem\clipsclrwrapper\intermediate\win32\debug\classfun.obj
d:\school\nus\unit1\project\git\housingrecommendationsystem\clipsclrwrapper\intermediate\win32\debug\classexm.obj
d:\school\nus\unit1\project\git\housingrecommendationsystem\clipsclrwrapper\intermediate\win32\debug\classcom.obj
d:\school\nus\unit1\project\git\housingrecommendationsystem\clipsclrwrapper\intermediate\win32\debug\bsave.obj
d:\school\nus\unit1\project\git\housingrecommendationsystem\clipsclrwrapper\intermediate\win32\debug\bmathfun.obj
d:\school\nus\unit1\project\git\housingrecommendationsystem\clipsclrwrapper\intermediate\win32\debug\bload.obj
d:\school\nus\unit1\project\git\housingrecommendationsystem\clipsclrwrapper\intermediate\win32\debug\argacces.obj
d:\school\nus\unit1\project\git\housingrecommendationsystem\clipsclrwrapper\intermediate\win32\debug\analysis.obj
d:\school\nus\unit1\project\git\housingrecommendationsystem\clipsclrwrapper\intermediate\win32\debug\agenda.obj
d:\school\nus\unit1\project\git\housingrecommendationsystem\clipsclrwrapper\intermediate\win32\debug\dffnxpsr.obj
d:\school\nus\unit1\project\git\housingrecommendationsystem\clipsclrwrapper\intermediate\win32\debug\dffnxfun.obj
d:\school\nus\unit1\project\git\housingrecommendationsystem\clipsclrwrapper\intermediate\win32\debug\dffnxexe.obj
d:\school\nus\unit1\project\git\housingrecommendationsystem\clipsclrwrapper\intermediate\win32\debug\dffnxcmp.obj
d:\school\nus\unit1\project\git\housingrecommendationsystem\clipsclrwrapper\intermediate\win32\debug\dffnxbin.obj
d:\school\nus\unit1\project\git\housingrecommendationsystem\clipsclrwrapper\intermediate\win32\debug\dffctpsr.obj
d:\school\nus\unit1\project\git\housingrecommendationsystem\clipsclrwrapper\intermediate\win32\debug\dffctdef.obj
d:\school\nus\unit1\project\git\housingrecommendationsystem\clipsclrwrapper\intermediate\win32\debug\dffctcmp.obj
d:\school\nus\unit1\project\git\housingrecommendationsystem\clipsclrwrapper\intermediate\win32\debug\dffctbsc.obj
d:\school\nus\unit1\project\git\housingrecommendationsystem\clipsclrwrapper\intermediate\win32\debug\dffctbin.obj
d:\school\nus\unit1\project\git\housingrecommendationsystem\clipsclrwrapper\intermediate\win32\debug\developr.obj
d:\school\nus\unit1\project\git\housingrecommendationsystem\clipsclrwrapper\intermediate\win32\debug\defins.obj
d:\school\nus\unit1\project\git\housingrecommendationsystem\clipsclrwrapper\intermediate\win32\debug\default.obj
d:\school\nus\unit1\project\git\housingrecommendationsystem\clipsclrwrapper\intermediate\win32\debug\cstrnutl.obj
d:\school\nus\unit1\project\git\housingrecommendationsystem\clipsclrwrapper\intermediate\win32\debug\cstrnpsr.obj
d:\school\nus\unit1\project\git\housingrecommendationsystem\clipsclrwrapper\intermediate\win32\debug\cstrnops.obj
d:\school\nus\unit1\project\git\housingrecommendationsystem\clipsclrwrapper\intermediate\win32\debug\cstrncmp.obj
d:\school\nus\unit1\project\git\housingrecommendationsystem\clipsclrwrapper\intermediate\win32\debug\cstrnchk.obj
d:\school\nus\unit1\project\git\housingrecommendationsystem\clipsclrwrapper\intermediate\win32\debug\cstrnbin.obj
d:\school\nus\unit1\project\git\housingrecommendationsystem\clipsclrwrapper\intermediate\win32\debug\cstrcpsr.obj
d:\school\nus\unit1\project\git\housingrecommendationsystem\clipsclrwrapper\intermediate\win32\debug\facthsh.obj
d:\school\nus\unit1\project\git\housingrecommendationsystem\clipsclrwrapper\intermediate\win32\debug\factgen.obj
d:\school\nus\unit1\project\git\housingrecommendationsystem\clipsclrwrapper\intermediate\win32\debug\factfun.obj
d:\school\nus\unit1\project\git\housingrecommendationsystem\clipsclrwrapper\intermediate\win32\debug\factcom.obj
d:\school\nus\unit1\project\git\housingrecommendationsystem\clipsclrwrapper\intermediate\win32\debug\factcmp.obj
d:\school\nus\unit1\project\git\housingrecommendationsystem\clipsclrwrapper\intermediate\win32\debug\factbld.obj
d:\school\nus\unit1\project\git\housingrecommendationsystem\clipsclrwrapper\intermediate\win32\debug\factbin.obj
d:\school\nus\unit1\project\git\housingrecommendationsystem\clipsclrwrapper\intermediate\win32\debug\extnfunc.obj
d:\school\nus\unit1\project\git\housingrecommendationsystem\clipsclrwrapper\intermediate\win32\debug\exprnpsr.obj
d:\school\nus\unit1\project\git\housingrecommendationsystem\clipsclrwrapper\intermediate\win32\debug\exprnops.obj
d:\school\nus\unit1\project\git\housingrecommendationsystem\clipsclrwrapper\intermediate\win32\debug\exprnbin.obj
d:\school\nus\unit1\project\git\housingrecommendationsystem\clipsclrwrapper\intermediate\win32\debug\expressn.obj
d:\school\nus\unit1\project\git\housingrecommendationsystem\clipsclrwrapper\intermediate\win32\debug\evaluatn.obj
d:\school\nus\unit1\project\git\housingrecommendationsystem\clipsclrwrapper\intermediate\win32\debug\envrnmnt.obj
d:\school\nus\unit1\project\git\housingrecommendationsystem\clipsclrwrapper\intermediate\win32\debug\envrnbld.obj
d:\school\nus\unit1\project\git\housingrecommendationsystem\clipsclrwrapper\intermediate\win32\debug\engine.obj
d:\school\nus\unit1\project\git\housingrecommendationsystem\clipsclrwrapper\intermediate\win32\debug\emathfun.obj
d:\school\nus\unit1\project\git\housingrecommendationsystem\clipsclrwrapper\intermediate\win32\debug\drive.obj
d:\school\nus\unit1\project\git\housingrecommendationsystem\clipsclrwrapper\intermediate\win32\debug\dfinscmp.obj
d:\school\nus\unit1\project\git\housingrecommendationsystem\clipsclrwrapper\intermediate\win32\debug\dfinsbin.obj
d:\school\nus\unit1\project\git\housingrecommendationsystem\clipsclrwrapper\intermediate\win32\debug\globlbsc.obj
d:\school\nus\unit1\project\git\housingrecommendationsystem\clipsclrwrapper\intermediate\win32\debug\globlbin.obj
d:\school\nus\unit1\project\git\housingrecommendationsystem\clipsclrwrapper\intermediate\win32\debug\genrcpsr.obj
d:\school\nus\unit1\project\git\housingrecommendationsystem\clipsclrwrapper\intermediate\win32\debug\genrcfun.obj
d:\school\nus\unit1\project\git\housingrecommendationsystem\clipsclrwrapper\intermediate\win32\debug\genrcexe.obj
d:\school\nus\unit1\project\git\housingrecommendationsystem\clipsclrwrapper\intermediate\win32\debug\genrccom.obj
d:\school\nus\unit1\project\git\housingrecommendationsystem\clipsclrwrapper\intermediate\win32\debug\genrccmp.obj
d:\school\nus\unit1\project\git\housingrecommendationsystem\clipsclrwrapper\intermediate\win32\debug\genrcbin.obj
d:\school\nus\unit1\project\git\housingrecommendationsystem\clipsclrwrapper\intermediate\win32\debug\generate.obj
d:\school\nus\unit1\project\git\housingrecommendationsystem\clipsclrwrapper\intermediate\win32\debug\fileutil.obj
d:\school\nus\unit1\project\git\housingrecommendationsystem\clipsclrwrapper\intermediate\win32\debug\filertr.obj
d:\school\nus\unit1\project\git\housingrecommendationsystem\clipsclrwrapper\intermediate\win32\debug\filecom.obj
d:\school\nus\unit1\project\git\housingrecommendationsystem\clipsclrwrapper\intermediate\win32\debug\factrhs.obj
d:\school\nus\unit1\project\git\housingrecommendationsystem\clipsclrwrapper\intermediate\win32\debug\factrete.obj
d:\school\nus\unit1\project\git\housingrecommendationsystem\clipsclrwrapper\intermediate\win32\debug\factqury.obj
d:\school\nus\unit1\project\git\housingrecommendationsystem\clipsclrwrapper\intermediate\win32\debug\factqpsr.obj
d:\school\nus\unit1\project\git\housingrecommendationsystem\clipsclrwrapper\intermediate\win32\debug\factprt.obj
d:\school\nus\unit1\project\git\housingrecommendationsystem\clipsclrwrapper\intermediate\win32\debug\factmngr.obj
d:\school\nus\unit1\project\git\housingrecommendationsystem\clipsclrwrapper\intermediate\win32\debug\factmch.obj
d:\school\nus\unit1\project\git\housingrecommendationsystem\clipsclrwrapper\intermediate\win32\debug\factlhs.obj
d:\school\nus\unit1\project\git\housingrecommendationsystem\clipsclrwrapper\intermediate\win32\debug\miscfun.obj
d:\school\nus\unit1\project\git\housingrecommendationsystem\clipsclrwrapper\intermediate\win32\debug\memalloc.obj
d:\school\nus\unit1\project\git\housingrecommendationsystem\clipsclrwrapper\intermediate\win32\debug\lgcldpnd.obj
d:\school\nus\unit1\project\git\housingrecommendationsystem\clipsclrwrapper\intermediate\win32\debug\iofun.obj
d:\school\nus\unit1\project\git\housingrecommendationsystem\clipsclrwrapper\intermediate\win32\debug\insqypsr.obj
d:\school\nus\unit1\project\git\housingrecommendationsystem\clipsclrwrapper\intermediate\win32\debug\insquery.obj
d:\school\nus\unit1\project\git\housingrecommendationsystem\clipsclrwrapper\intermediate\win32\debug\inspsr.obj
d:\school\nus\unit1\project\git\housingrecommendationsystem\clipsclrwrapper\intermediate\win32\debug\insmult.obj
d:\school\nus\unit1\project\git\housingrecommendationsystem\clipsclrwrapper\intermediate\win32\debug\insmoddp.obj
d:\school\nus\unit1\project\git\housingrecommendationsystem\clipsclrwrapper\intermediate\win32\debug\insmngr.obj
d:\school\nus\unit1\project\git\housingrecommendationsystem\clipsclrwrapper\intermediate\win32\debug\insfun.obj
d:\school\nus\unit1\project\git\housingrecommendationsystem\clipsclrwrapper\intermediate\win32\debug\insfile.obj
d:\school\nus\unit1\project\git\housingrecommendationsystem\clipsclrwrapper\intermediate\win32\debug\inscom.obj
d:\school\nus\unit1\project\git\housingrecommendationsystem\clipsclrwrapper\intermediate\win32\debug\inherpsr.obj
d:\school\nus\unit1\project\git\housingrecommendationsystem\clipsclrwrapper\intermediate\win32\debug\incrrset.obj
d:\school\nus\unit1\project\git\housingrecommendationsystem\clipsclrwrapper\intermediate\win32\debug\immthpsr.obj
d:\school\nus\unit1\project\git\housingrecommendationsystem\clipsclrwrapper\intermediate\win32\debug\globlpsr.obj
d:\school\nus\unit1\project\git\housingrecommendationsystem\clipsclrwrapper\intermediate\win32\debug\globldef.obj
d:\school\nus\unit1\project\git\housingrecommendationsystem\clipsclrwrapper\intermediate\win32\debug\globlcom.obj
d:\school\nus\unit1\project\git\housingrecommendationsystem\clipsclrwrapper\intermediate\win32\debug\globlcmp.obj
d:\school\nus\unit1\project\git\housingrecommendationsystem\clipsclrwrapper\intermediate\win32\debug\objrtmch.obj
d:\school\nus\unit1\project\git\housingrecommendationsystem\clipsclrwrapper\intermediate\win32\debug\objrtgen.obj
d:\school\nus\unit1\project\git\housingrecommendationsystem\clipsclrwrapper\intermediate\win32\debug\objrtfnx.obj
d:\school\nus\unit1\project\git\housingrecommendationsystem\clipsclrwrapper\intermediate\win32\debug\objrtcmp.obj
d:\school\nus\unit1\project\git\housingrecommendationsystem\clipsclrwrapper\intermediate\win32\debug\objrtbld.obj
d:\school\nus\unit1\project\git\housingrecommendationsystem\clipsclrwrapper\intermediate\win32\debug\objrtbin.obj
d:\school\nus\unit1\project\git\housingrecommendationsystem\clipsclrwrapper\intermediate\win32\debug\objcmp.obj
d:\school\nus\unit1\project\git\housingrecommendationsystem\clipsclrwrapper\intermediate\win32\debug\objbin.obj
d:\school\nus\unit1\project\git\housingrecommendationsystem\clipsclrwrapper\intermediate\win32\debug\multifun.obj
d:\school\nus\unit1\project\git\housingrecommendationsystem\clipsclrwrapper\intermediate\win32\debug\multifld.obj
d:\school\nus\unit1\project\git\housingrecommendationsystem\clipsclrwrapper\intermediate\win32\debug\msgpsr.obj
d:\school\nus\unit1\project\git\housingrecommendationsystem\clipsclrwrapper\intermediate\win32\debug\msgpass.obj
d:\school\nus\unit1\project\git\housingrecommendationsystem\clipsclrwrapper\intermediate\win32\debug\msgfun.obj
d:\school\nus\unit1\project\git\housingrecommendationsystem\clipsclrwrapper\intermediate\win32\debug\msgcom.obj
d:\school\nus\unit1\project\git\housingrecommendationsystem\clipsclrwrapper\intermediate\win32\debug\modulutl.obj
d:\school\nus\unit1\project\git\housingrecommendationsystem\clipsclrwrapper\intermediate\win32\debug\modulpsr.obj
d:\school\nus\unit1\project\git\housingrecommendationsystem\clipsclrwrapper\intermediate\win32\debug\moduldef.obj
d:\school\nus\unit1\project\git\housingrecommendationsystem\clipsclrwrapper\intermediate\win32\debug\modulcmp.obj
d:\school\nus\unit1\project\git\housingrecommendationsystem\clipsclrwrapper\intermediate\win32\debug\modulbsc.obj
d:\school\nus\unit1\project\git\housingrecommendationsystem\clipsclrwrapper\intermediate\win32\debug\modulbin.obj
d:\school\nus\unit1\project\git\housingrecommendationsystem\clipsclrwrapper\intermediate\win32\debug\ruledef.obj
d:\school\nus\unit1\project\git\housingrecommendationsystem\clipsclrwrapper\intermediate\win32\debug\rulecstr.obj
d:\school\nus\unit1\project\git\housingrecommendationsystem\clipsclrwrapper\intermediate\win32\debug\rulecom.obj
d:\school\nus\unit1\project\git\housingrecommendationsystem\clipsclrwrapper\intermediate\win32\debug\rulecmp.obj
d:\school\nus\unit1\project\git\housingrecommendationsystem\clipsclrwrapper\intermediate\win32\debug\rulebsc.obj
d:\school\nus\unit1\project\git\housingrecommendationsystem\clipsclrwrapper\intermediate\win32\debug\rulebld.obj
d:\school\nus\unit1\project\git\housingrecommendationsystem\clipsclrwrapper\intermediate\win32\debug\rulebin.obj
d:\school\nus\unit1\project\git\housingrecommendationsystem\clipsclrwrapper\intermediate\win32\debug\router.obj
d:\school\nus\unit1\project\git\housingrecommendationsystem\clipsclrwrapper\intermediate\win32\debug\retract.obj
d:\school\nus\unit1\project\git\housingrecommendationsystem\clipsclrwrapper\intermediate\win32\debug\reteutil.obj
d:\school\nus\unit1\project\git\housingrecommendationsystem\clipsclrwrapper\intermediate\win32\debug\reorder.obj
d:\school\nus\unit1\project\git\housingrecommendationsystem\clipsclrwrapper\intermediate\win32\debug\proflfun.obj
d:\school\nus\unit1\project\git\housingrecommendationsystem\clipsclrwrapper\intermediate\win32\debug\prntutil.obj
d:\school\nus\unit1\project\git\housingrecommendationsystem\clipsclrwrapper\intermediate\win32\debug\prdctfun.obj
d:\school\nus\unit1\project\git\housingrecommendationsystem\clipsclrwrapper\intermediate\win32\debug\prcdrpsr.obj
d:\school\nus\unit1\project\git\housingrecommendationsystem\clipsclrwrapper\intermediate\win32\debug\prcdrfun.obj
d:\school\nus\unit1\project\git\housingrecommendationsystem\clipsclrwrapper\intermediate\win32\debug\prccode.obj
d:\school\nus\unit1\project\git\housingrecommendationsystem\clipsclrwrapper\intermediate\win32\debug\pprint.obj
d:\school\nus\unit1\project\git\housingrecommendationsystem\clipsclrwrapper\intermediate\win32\debug\pattern.obj
d:\school\nus\unit1\project\git\housingrecommendationsystem\clipsclrwrapper\intermediate\win32\debug\parsefun.obj
d:\school\nus\unit1\project\git\housingrecommendationsystem\clipsclrwrapper\intermediate\win32\debug\tmpltrhs.obj
d:\school\nus\unit1\project\git\housingrecommendationsystem\clipsclrwrapper\intermediate\win32\debug\tmpltpsr.obj
d:\school\nus\unit1\project\git\housingrecommendationsystem\clipsclrwrapper\intermediate\win32\debug\tmpltlhs.obj
d:\school\nus\unit1\project\git\housingrecommendationsystem\clipsclrwrapper\intermediate\win32\debug\tmpltfun.obj
d:\school\nus\unit1\project\git\housingrecommendationsystem\clipsclrwrapper\intermediate\win32\debug\tmpltdef.obj
d:\school\nus\unit1\project\git\housingrecommendationsystem\clipsclrwrapper\intermediate\win32\debug\tmpltcmp.obj
d:\school\nus\unit1\project\git\housingrecommendationsystem\clipsclrwrapper\intermediate\win32\debug\tmpltbsc.obj
d:\school\nus\unit1\project\git\housingrecommendationsystem\clipsclrwrapper\intermediate\win32\debug\tmpltbin.obj
d:\school\nus\unit1\project\git\housingrecommendationsystem\clipsclrwrapper\intermediate\win32\debug\textpro.obj
d:\school\nus\unit1\project\git\housingrecommendationsystem\clipsclrwrapper\intermediate\win32\debug\sysdep.obj
d:\school\nus\unit1\project\git\housingrecommendationsystem\clipsclrwrapper\intermediate\win32\debug\symbol.obj
d:\school\nus\unit1\project\git\housingrecommendationsystem\clipsclrwrapper\intermediate\win32\debug\symblcmp.obj
d:\school\nus\unit1\project\git\housingrecommendationsystem\clipsclrwrapper\intermediate\win32\debug\symblbin.obj
d:\school\nus\unit1\project\git\housingrecommendationsystem\clipsclrwrapper\intermediate\win32\debug\strngrtr.obj
d:\school\nus\unit1\project\git\housingrecommendationsystem\clipsclrwrapper\intermediate\win32\debug\strngfun.obj
d:\school\nus\unit1\project\git\housingrecommendationsystem\clipsclrwrapper\intermediate\win32\debug\sortfun.obj
d:\school\nus\unit1\project\git\housingrecommendationsystem\clipsclrwrapper\intermediate\win32\debug\scanner.obj
d:\school\nus\unit1\project\git\housingrecommendationsystem\clipsclrwrapper\intermediate\win32\debug\rulepsr.obj
d:\school\nus\unit1\project\git\housingrecommendationsystem\clipsclrwrapper\intermediate\win32\debug\rulelhs.obj
d:\school\nus\unit1\project\git\housingrecommendationsystem\clipsclrwrapper\intermediate\win32\debug\ruledlt.obj
d:\school\nus\unit1\project\git\housingrecommendationsystem\clipsclrwrapper\intermediate\win32\debug\clipsnet_userfunction.obj
d:\school\nus\unit1\project\git\housingrecommendationsystem\clipsclrwrapper\intermediate\win32\debug\clipsnet_slotvalue.obj
d:\school\nus\unit1\project\git\housingrecommendationsystem\clipsclrwrapper\intermediate\win32\debug\clipsnet_router.obj
d:\school\nus\unit1\project\git\housingrecommendationsystem\clipsclrwrapper\intermediate\win32\debug\clipsnet_periodiccallback.obj
d:\school\nus\unit1\project\git\housingrecommendationsystem\clipsclrwrapper\intermediate\win32\debug\clipsnet_parsererrorcallback.obj
d:\school\nus\unit1\project\git\housingrecommendationsystem\clipsclrwrapper\intermediate\win32\debug\clipsnet_module.obj
d:\school\nus\unit1\project\git\housingrecommendationsystem\clipsclrwrapper\intermediate\win32\debug\clipsnet_focusstack.obj
d:\school\nus\unit1\project\git\housingrecommendationsystem\clipsclrwrapper\intermediate\win32\debug\clipsnet_focus.obj
d:\school\nus\unit1\project\git\housingrecommendationsystem\clipsclrwrapper\intermediate\win32\debug\clipsnet_factinstance.obj
d:\school\nus\unit1\project\git\housingrecommendationsystem\clipsclrwrapper\intermediate\win32\debug\clipsnet_exceptions.obj
d:\school\nus\unit1\project\git\housingrecommendationsystem\clipsclrwrapper\intermediate\win32\debug\clipsnet_environment.obj
d:\school\nus\unit1\project\git\housingrecommendationsystem\clipsclrwrapper\intermediate\win32\debug\clipsnet_agenda.obj
d:\school\nus\unit1\project\git\housingrecommendationsystem\clipsclrwrapper\intermediate\win32\debug\clipsnet_activation.obj
d:\school\nus\unit1\project\git\housingrecommendationsystem\clipsclrwrapper\intermediate\win32\debug\clipsclrassemblyinfo.obj
d:\school\nus\unit1\project\git\housingrecommendationsystem\clipsclrwrapper\intermediate\win32\debug\clipscpplib.obj
d:\school\nus\unit1\project\git\housingrecommendationsystem\clipsclrwrapper\intermediate\win32\debug\watch.obj
d:\school\nus\unit1\project\git\housingrecommendationsystem\clipsclrwrapper\intermediate\win32\debug\utility.obj
d:\school\nus\unit1\project\git\housingrecommendationsystem\clipsclrwrapper\intermediate\win32\debug\userfunctions.obj
d:\school\nus\unit1\project\git\housingrecommendationsystem\clipsclrwrapper\intermediate\win32\debug\userdata.obj
d:\school\nus\unit1\project\git\housingrecommendationsystem\clipsclrwrapper\intermediate\win32\debug\tmpltutl.obj
d:\school\nus\unit1\project\git\housingrecommendationsystem\clipsclrwrapper\intermediate\win32\debug\clipsnet_values.obj
d:\school\nus\unit1\project\git\housingrecommendationsystem\clipsclrwrapper\intermediate\win32\debug\.netframework,version=v4.6.1.assemblyattributes.obj
d:\school\nus\unit1\project\git\housingrecommendationsystem\clipsclrwrapper\intermediate\win32\debug\.netframework,version=v4.6.1.assemblyattributes.asm
d:\school\nus\unit1\project\git\housingrecommendationsystem\clipsclrwrapper\libraries\win32\debug\clipsclrwrapper.dll
d:\school\nus\unit1\project\git\housingrecommendationsystem\clipsclrwrapper\libraries\win32\debug\clipsclrwrapper.pdb
d:\school\nus\unit1\project\git\housingrecommendationsystem\clipsclrwrapper\intermediate\win32\debug\clipsclrwrapper.vcxprojresolveassemblyreference.cache
d:\school\nus\unit1\project\git\housingrecommendationsystem\clipsclrwrapper\intermediate\win32\debug\clipsclrwrapper.tlog\cl.command.1.tlog
d:\school\nus\unit1\project\git\housingrecommendationsystem\clipsclrwrapper\intermediate\win32\debug\clipsclrwrapper.tlog\cl.read.1.tlog
d:\school\nus\unit1\project\git\housingrecommendationsystem\clipsclrwrapper\intermediate\win32\debug\clipsclrwrapper.tlog\cl.write.1.tlog
d:\school\nus\unit1\project\git\housingrecommendationsystem\clipsclrwrapper\intermediate\win32\debug\clipsclrwrapper.tlog\link.command.1.tlog
d:\school\nus\unit1\project\git\housingrecommendationsystem\clipsclrwrapper\intermediate\win32\debug\clipsclrwrapper.tlog\link.read.1.tlog
d:\school\nus\unit1\project\git\housingrecommendationsystem\clipsclrwrapper\intermediate\win32\debug\clipsclrwrapper.tlog\link.write.1.tlog
d:\school\nus\unit1\project\git\housingrecommendationsystem\clipsclrwrapper\intermediate\win32\debug\clipsclrwrapper.tlog\metagen.read.1.tlog
d:\school\nus\unit1\project\git\housingrecommendationsystem\clipsclrwrapper\intermediate\win32\debug\clipsclrwrapper.tlog\metagen.write.1.tlog
d:\school\nus\unit1\project\git\housingrecommendationsystem\clipsclrwrapper\intermediate\win32\debug\clipsclrwrapper.tlog\rsaenh.dll.bi
d:\school\nus\unit1\project\git\housingrecommendationsystem\clipsclrwrapper\intermediate\win32\debug\clipsclrwrapper.tlog\tzres.dll.bi
